<?xml version="1.0" encoding="UTF-8"?>
<!-- Generated by org.testng.reporters.JUnitXMLReporter -->
<testsuite hostname="LAPTOP-R2109TMN" ignored="0" name="Surefire test" tests="3" failures="1" timestamp="16 Jan 2021 23:49:38 GMT" time="73.623" errors="0">
  <testcase name="Correctlogin" time="2.815" classname="tests.LoginTest"/>
  <testcase name="loginwithoutPassword" time="8.002" classname="tests.LoginTest"/>
  <testcase name="loginwithwrongPassword" time="6.634" classname="tests.LoginTest">
    <failure type="org.junit.ComparisonFailure" message="expected:&amp;lt;[Password was incorrect.]&amp;gt; but was:&amp;lt;[]&amp;gt;">
      <![CDATA[org.junit.ComparisonFailure: expected:<[Password was incorrect.]> but was:<[]>
	at org.junit.Assert.assertEquals(Assert.java:115)
	at org.junit.Assert.assertEquals(Assert.java:144)
	at tests.LoginTest.loginwithwrongPassword(LoginTest.java:43)
... Removed 30 stack frames]]>
    </failure>
  </testcase> <!-- loginwithwrongPassword -->
</testsuite> <!-- Surefire test -->
