<?xml version="1.0" encoding="UTF-8"?>
<testsuite xmlns:xsi="http://www.w3.org/2001/XMLSchema-instance" xsi:noNamespaceSchemaLocation="https://maven.apache.org/surefire/maven-surefire-plugin/xsd/surefire-test-report.xsd" name="tests.LoginTest" time="74.541" tests="3" errors="0" skipped="0" failures="1">
  <properties>
[...]
</properties>
  <testcase name="Correctlogin" classname="tests.LoginTest" time="2.814"/>
  <testcase name="loginwithoutPassword" classname="tests.LoginTest" time="8.003"/>
  <testcase name="loginwithwrongPassword" classname="tests.LoginTest" time="6.702">
    <failure message="expected:&lt;[Password was incorrect.]&gt; but was:&lt;[]&gt;" type="org.junit.ComparisonFailure"><![CDATA[org.junit.ComparisonFailure: expected:<[Password was incorrect.]> but was:<[]>
	at tests.LoginTest.loginwithwrongPassword(LoginTest.java:43)
]]></failure>
    <system-err><![CDATA[1610840952278	Marionette	INFO	Stopped listening on port 8784
JavaScript error: resource://activity-stream/lib/ASRouter.jsm, line 987: NS_ERROR_ILLEGAL_VALUE: Component returned failure code: 0x80070057 (NS_ERROR_ILLEGAL_VALUE) [nsIObserverService.removeObserver]

###!!! [Child][RunMessage] Error: Channel closing: too late to send/recv, messages will be lost

1610840955876	geckodriver	INFO	Listening on 127.0.0.1:22422
1610840957627	mozrunner::runner	INFO	Running command: "C:\\Program Files\\Mozilla Firefox\\firefox.exe" "--marionette" "-foreground" "-no-remote" "-profile" "C:\\Users\\nidhy\\AppData\\Local\\Temp\\rust_mozprofileaNahON"
Can't find symbol 'eglSwapBuffersWithDamageEXT'.
Can't find symbol 'eglSetDamageRegionKHR'.
console.warn: SearchSettings: "get: No settings file exists, new profile?" (new Error("", "(unknown module)"))
1610840964103	Marionette	INFO	Listening on port 8905
1610840964559	Marionette	WARN	TLS certificate errors will be ignored for this session
Jan 16, 2021 6:49:24 PM org.openqa.selenium.remote.ProtocolHandshake createSession
INFO: Detected dialect: W3C
Can't find symbol 'eglSwapBuffersWithDamageEXT'.
Can't find symbol 'eglSetDamageRegionKHR'.
]]></system-err>
  </testcase>
</testsuite>