<?xml version="1.0" encoding="UTF-8"?>
<testng-results skipped="0" failed="1" ignored="0" total="3" passed="2">
  <reporter-output>
  </reporter-output>
  <suite name="Surefire suite" duration-ms="73623" started-at="2021-01-16T23:48:24Z" finished-at="2021-01-16T23:49:38Z">
    <groups>
    </groups>
    <test name="Surefire test" duration-ms="73623" started-at="2021-01-16T23:48:24Z" finished-at="2021-01-16T23:49:38Z">
      <class name="tests.LoginTest">
        <test-method status="PASS" signature="beforeMethod()[pri:0, instance:tests.LoginTest@3a03464]" name="beforeMethod" is-config="true" duration-ms="19804" started-at="2021-01-16T18:48:24Z" finished-at="2021-01-16T18:48:44Z">
          <reporter-output>
          </reporter-output>
        </test-method> <!-- beforeMethod -->
        <test-method status="PASS" signature="Correctlogin()[pri:0, instance:tests.LoginTest@3a03464]" name="Correctlogin" duration-ms="2815" started-at="2021-01-16T18:48:44Z" finished-at="2021-01-16T18:48:47Z">
          <reporter-output>
          </reporter-output>
        </test-method> <!-- Correctlogin -->
        <test-method status="PASS" signature="afterMethod()[pri:0, instance:tests.LoginTest@3a03464]" name="afterMethod" is-config="true" duration-ms="3721" started-at="2021-01-16T18:48:47Z" finished-at="2021-01-16T18:48:51Z">
          <reporter-output>
          </reporter-output>
        </test-method> <!-- afterMethod -->
        <test-method status="PASS" signature="beforeMethod()[pri:0, instance:tests.LoginTest@3a03464]" name="beforeMethod" is-config="true" duration-ms="13139" started-at="2021-01-16T18:48:51Z" finished-at="2021-01-16T18:49:04Z">
          <reporter-output>
          </reporter-output>
        </test-method> <!-- beforeMethod -->
        <test-method status="PASS" signature="loginwithoutPassword()[pri:0, instance:tests.LoginTest@3a03464]" name="loginwithoutPassword" duration-ms="8002" started-at="2021-01-16T18:49:04Z" finished-at="2021-01-16T18:49:12Z">
          <reporter-output>
          </reporter-output>
        </test-method> <!-- loginwithoutPassword -->
        <test-method status="PASS" signature="afterMethod()[pri:0, instance:tests.LoginTest@3a03464]" name="afterMethod" is-config="true" duration-ms="3553" started-at="2021-01-16T18:49:12Z" finished-at="2021-01-16T18:49:15Z">
          <reporter-output>
          </reporter-output>
        </test-method> <!-- afterMethod -->
        <test-method status="PASS" signature="beforeMethod()[pri:0, instance:tests.LoginTest@3a03464]" name="beforeMethod" is-config="true" duration-ms="11604" started-at="2021-01-16T18:49:15Z" finished-at="2021-01-16T18:49:27Z">
          <reporter-output>
          </reporter-output>
        </test-method> <!-- beforeMethod -->
        <test-method status="FAIL" signature="loginwithwrongPassword()[pri:0, instance:tests.LoginTest@3a03464]" name="loginwithwrongPassword" duration-ms="6634" started-at="2021-01-16T18:49:27Z" finished-at="2021-01-16T18:49:34Z">
          <exception class="org.junit.ComparisonFailure">
            <message>
              <![CDATA[expected:<[Password was incorrect.]> but was:<[]>]]>
            </message>
            <full-stacktrace>
              <![CDATA[org.junit.ComparisonFailure: expected:<[Password was incorrect.]> but was:<[]>
	at org.junit.Assert.assertEquals(Assert.java:115)
	at org.junit.Assert.assertEquals(Assert.java:144)
	at tests.LoginTest.loginwithwrongPassword(LoginTest.java:43)
	at sun.reflect.NativeMethodAccessorImpl.invoke0(Native Method)
	at sun.reflect.NativeMethodAccessorImpl.invoke(NativeMethodAccessorImpl.java:62)
	at sun.reflect.DelegatingMethodAccessorImpl.invoke(DelegatingMethodAccessorImpl.java:43)
	at java.lang.reflect.Method.invoke(Method.java:498)
	at org.testng.internal.MethodInvocationHelper.invokeMethod(MethodInvocationHelper.java:108)
	at org.testng.internal.Invoker.invokeMethod(Invoker.java:661)
	at org.testng.internal.Invoker.invokeTestMethod(Invoker.java:869)
	at org.testng.internal.Invoker.invokeTestMethods(Invoker.java:1193)
	at org.testng.internal.TestMethodWorker.invokeTestMethods(TestMethodWorker.java:126)
	at org.testng.internal.TestMethodWorker.run(TestMethodWorker.java:109)
	at org.testng.TestRunner.privateRun(TestRunner.java:744)
	at org.testng.TestRunner.run(TestRunner.java:602)
	at org.testng.SuiteRunner.runTest(SuiteRunner.java:380)
	at org.testng.SuiteRunner.runSequentially(SuiteRunner.java:375)
	at org.testng.SuiteRunner.privateRun(SuiteRunner.java:340)
	at org.testng.SuiteRunner.run(SuiteRunner.java:289)
	at org.testng.SuiteRunnerWorker.runSuite(SuiteRunnerWorker.java:52)
	at org.testng.SuiteRunnerWorker.run(SuiteRunnerWorker.java:86)
	at org.testng.TestNG.runSuitesSequentially(TestNG.java:1301)
	at org.testng.TestNG.runSuitesLocally(TestNG.java:1226)
	at org.testng.TestNG.runSuites(TestNG.java:1144)
	at org.testng.TestNG.run(TestNG.java:1115)
	at org.apache.maven.surefire.testng.TestNGExecutor.run(TestNGExecutor.java:135)
	at org.apache.maven.surefire.testng.TestNGDirectoryTestSuite.executeSingleClass(TestNGDirectoryTestSuite.java:112)
	at org.apache.maven.surefire.testng.TestNGDirectoryTestSuite.execute(TestNGDirectoryTestSuite.java:99)
	at org.apache.maven.surefire.testng.TestNGProvider.invoke(TestNGProvider.java:146)
	at org.apache.maven.surefire.booter.ForkedBooter.invokeProviderInSameClassLoader(ForkedBooter.java:384)
	at org.apache.maven.surefire.booter.ForkedBooter.runSuitesInProcess(ForkedBooter.java:345)
	at org.apache.maven.surefire.booter.ForkedBooter.execute(ForkedBooter.java:126)
	at org.apache.maven.surefire.booter.ForkedBooter.main(ForkedBooter.java:418)
]]>
            </full-stacktrace>
          </exception> <!-- org.junit.ComparisonFailure -->
          <reporter-output>
          </reporter-output>
        </test-method> <!-- loginwithwrongPassword -->
        <test-method status="PASS" signature="afterMethod()[pri:0, instance:tests.LoginTest@3a03464]" name="afterMethod" is-config="true" duration-ms="4283" started-at="2021-01-16T18:49:34Z" finished-at="2021-01-16T18:49:38Z">
          <reporter-output>
          </reporter-output>
        </test-method> <!-- afterMethod -->
      </class> <!-- tests.LoginTest -->
    </test> <!-- Surefire test -->
  </suite> <!-- Surefire suite -->
</testng-results>
